{"name": "test_products_group", "status": "skipped", "statusDetails": {"message": "XFAIL Wait for fix bug\n\nselenium.common.exceptions.ElementClickInterceptedException: Message: element click intercepted: Element <a href=\"https://testqastudio.me?products_group=sale\" class=\"tab-sale \">...</a> is not clickable at point (712, 738). Other element would receive the click: <div class=\"catalog-toolbar-tabs__content\">...</div>\n  (Session info: chrome=121.0.6167.86)\nStacktrace:\n\tGetHandleVerifier [0x00007FF6F7BF5E42+3538674]\n\t(No symbol) [0x00007FF6F7814C02]\n\t(No symbol) [0x00007FF6F76C5AEB]\n\t(No symbol) [0x00007FF6F77133E4]\n\t(No symbol) [0x00007FF6F7711122]\n\t(No symbol) [0x00007FF6F770E884]\n\t(No symbol) [0x00007FF6F770D5A9]\n\t(No symbol) [0x00007FF6F7701950]\n\t(No symbol) [0x00007FF6F772F0AA]\n\t(No symbol) [0x00007FF6F770124A]\n\t(No symbol) [0x00007FF6F772F2C0]\n\t(No symbol) [0x00007FF6F774BDE3]\n\t(No symbol) [0x00007FF6F772EE53]\n\t(No symbol) [0x00007FF6F76FF514]\n\t(No symbol) [0x00007FF6F7700631]\n\tGetHandleVerifier [0x00007FF6F7C26CAD+3738973]\n\tGetHandleVerifier [0x00007FF6F7C7C506+4089270]\n\tGetHandleVerifier [0x00007FF6F7C74823+4057299]\n\tGetHandleVerifier [0x00007FF6F7945C49+720121]\n\t(No symbol) [0x00007FF6F782126F]\n\t(No symbol) [0x00007FF6F781C304]\n\t(No symbol) [0x00007FF6F781C432]\n\t(No symbol) [0x00007FF6F780BD04]\n\tBaseThreadInitThunk [0x00007FFF783A2784+20]\n\tRtlUserThreadStart [0x00007FFF78790C31+33]", "trace": "tests\\test_shop.py:48: in test_products_group\n    element.click()\n        browser    = <selenium.webdriver.chrome.webdriver.WebDriver (session=\"0f68567630210291ccfc69b78358b802\")>\n        element    = <selenium.webdriver.remote.webelement.WebElement (session=\"0f68567630210291ccfc69b78358b802\", element=\"27774F92EF9E581A8EAAEFA461B81F0D_element_271\")>\n        elements   = [<selenium.webdriver.remote.webelement.WebElement (session=\"0f68567630210291ccfc69b78358b802\", element=\"6DDE7B9CC54859...ement.WebElement (session=\"0f68567630210291ccfc69b78358b802\", element=\"6DDE7B9CC548592EA83F9C4B3229E352_element_109\")>]\n        expected_menu = [('Все', '', \"[class='tab-all active']\"), ('Бестселлеры', '/?products_group=best_sellers', \"[class='tab-best_sellers '... '/?products_group=new', \"[class='tab-new ']\"), ('Распродажа товаров', '/?products_group=sale', \"[class='tab-sale ']\")]\n        item       = ('Распродажа товаров', '/?products_group=sale', \"[class='tab-sale ']\")\n        menu_element = \"[class='catalog-toolbar-tabs__content'] a\"\n..\\..\\..\\..\\..\\AppData\\Local\\Programs\\Python\\Python312\\Lib\\site-packages\\selenium\\webdriver\\remote\\webelement.py:94: in click\n    self._execute(Command.CLICK_ELEMENT)\n        self       = <selenium.webdriver.remote.webelement.WebElement (session=\"0f68567630210291ccfc69b78358b802\", element=\"27774F92EF9E581A8EAAEFA461B81F0D_element_271\")>\n..\\..\\..\\..\\..\\AppData\\Local\\Programs\\Python\\Python312\\Lib\\site-packages\\selenium\\webdriver\\remote\\webelement.py:395: in _execute\n    return self._parent.execute(command, params)\n        command    = 'clickElement'\n        params     = {'id': '27774F92EF9E581A8EAAEFA461B81F0D_element_271'}\n        self       = <selenium.webdriver.remote.webelement.WebElement (session=\"0f68567630210291ccfc69b78358b802\", element=\"27774F92EF9E581A8EAAEFA461B81F0D_element_271\")>\n..\\..\\..\\..\\..\\AppData\\Local\\Programs\\Python\\Python312\\Lib\\site-packages\\selenium\\webdriver\\remote\\webdriver.py:347: in execute\n    self.error_handler.check_response(response)\n        driver_command = 'clickElement'\n        params     = {}\n        response   = {'status': 400, 'value': '{\"value\":{\"error\":\"element click intercepted\",\"message\":\"element click intercepted: Element ...07FF6F780BD04]\\\\n\\\\tBaseThreadInitThunk [0x00007FFF783A2784+20]\\\\n\\\\tRtlUserThreadStart [0x00007FFF78790C31+33]\\\\n\"}}'}\n        self       = <selenium.webdriver.chrome.webdriver.WebDriver (session=\"0f68567630210291ccfc69b78358b802\")>\n..\\..\\..\\..\\..\\AppData\\Local\\Programs\\Python\\Python312\\Lib\\site-packages\\selenium\\webdriver\\remote\\errorhandler.py:229: in check_response\n    raise exception_class(message, screen, stacktrace)\nE   selenium.common.exceptions.ElementClickInterceptedException: Message: element click intercepted: Element <a href=\"https://testqastudio.me?products_group=sale\" class=\"tab-sale \">...</a> is not clickable at point (712, 738). Other element would receive the click: <div class=\"catalog-toolbar-tabs__content\">...</div>\nE     (Session info: chrome=121.0.6167.86)\nE   Stacktrace:\nE   \tGetHandleVerifier [0x00007FF6F7BF5E42+3538674]\nE   \t(No symbol) [0x00007FF6F7814C02]\nE   \t(No symbol) [0x00007FF6F76C5AEB]\nE   \t(No symbol) [0x00007FF6F77133E4]\nE   \t(No symbol) [0x00007FF6F7711122]\nE   \t(No symbol) [0x00007FF6F770E884]\nE   \t(No symbol) [0x00007FF6F770D5A9]\nE   \t(No symbol) [0x00007FF6F7701950]\nE   \t(No symbol) [0x00007FF6F772F0AA]\nE   \t(No symbol) [0x00007FF6F770124A]\nE   \t(No symbol) [0x00007FF6F772F2C0]\nE   \t(No symbol) [0x00007FF6F774BDE3]\nE   \t(No symbol) [0x00007FF6F772EE53]\nE   \t(No symbol) [0x00007FF6F76FF514]\nE   \t(No symbol) [0x00007FF6F7700631]\nE   \tGetHandleVerifier [0x00007FF6F7C26CAD+3738973]\nE   \tGetHandleVerifier [0x00007FF6F7C7C506+4089270]\nE   \tGetHandleVerifier [0x00007FF6F7C74823+4057299]\nE   \tGetHandleVerifier [0x00007FF6F7945C49+720121]\nE   \t(No symbol) [0x00007FF6F782126F]\nE   \t(No symbol) [0x00007FF6F781C304]\nE   \t(No symbol) [0x00007FF6F781C432]\nE   \t(No symbol) [0x00007FF6F780BD04]\nE   \tBaseThreadInitThunk [0x00007FFF783A2784+20]\nE   \tRtlUserThreadStart [0x00007FFF78790C31+33]\n        e          = <selenium.webdriver.remote.errorhandler.ErrorCode object at 0x00000205277A7E60>\n        error_code = 'ELEMENT_CLICK_INTERCEPTED'\n        error_codes = ['ELEMENT_CLICK_INTERCEPTED', 'ELEMENT_IS_NOT_SELECTABLE', 'ELEMENT_NOT_INTERACTABLE', 'ELEMENT_NOT_VISIBLE', 'IME_ENGINE_ACTIVATION_FAILED', 'IME_NOT_AVAILABLE', ...]\n        error_info = [64, 'element click intercepted']\n        exception_class = <class 'selenium.common.exceptions.ElementClickInterceptedException'>\n        json       = <module 'json' from 'C:\\\\Users\\\\Administrator\\\\AppData\\\\Local\\\\Programs\\\\Python\\\\Python312\\\\Lib\\\\json\\\\__init__.py'>\n        message    = 'element click intercepted: Element <a href=\"https://testqastudio.me?products_group=sale\" class=\"tab-sale \">...</a> is... would receive the click: <div class=\"catalog-toolbar-tabs__content\">...</div>\\n  (Session info: chrome=121.0.6167.86)'\n        response   = {'status': 400, 'value': '{\"value\":{\"error\":\"element click intercepted\",\"message\":\"element click intercepted: Element ...07FF6F780BD04]\\\\n\\\\tBaseThreadInitThunk [0x00007FFF783A2784+20]\\\\n\\\\tRtlUserThreadStart [0x00007FFF78790C31+33]\\\\n\"}}'}\n        screen     = None\n        self       = <selenium.webdriver.remote.errorhandler.ErrorHandler object at 0x00000205277D8200>\n        st_value   = '\\tGetHandleVerifier [0x00007FF6F7BF5E42+3538674]\\n\\t(No symbol) [0x00007FF6F7814C02]\\n\\t(No symbol) [0x00007FF6F76C5A...l) [0x00007FF6F780BD04]\\n\\tBaseThreadInitThunk [0x00007FFF783A2784+20]\\n\\tRtlUserThreadStart [0x00007FFF78790C31+33]\\n'\n        stacktrace = ['\\tGetHandleVerifier [0x00007FF6F7BF5E42+3538674]', '\\t(No symbol) [0x00007FF6F7814C02]', '\\t(No symbol) [0x00007FF6F... '\\t(No symbol) [0x00007FF6F77133E4]', '\\t(No symbol) [0x00007FF6F7711122]', '\\t(No symbol) [0x00007FF6F770E884]', ...]\n        status     = 'element click intercepted'\n        value      = {'error': 'element click intercepted', 'message': 'element click intercepted: Element <a href=\"https://testqastudio.me...) [0x00007FF6F780BD04]\\n\\tBaseThreadInitThunk [0x00007FFF783A2784+20]\\n\\tRtlUserThreadStart [0x00007FFF78790C31+33]\\n'}\n        value_json = '{\"value\":{\"error\":\"element click intercepted\",\"message\":\"element click intercepted: Element \\\\u003Ca href=\\\\\"https://...007FF6F780BD04]\\\\n\\\\tBaseThreadInitThunk [0x00007FFF783A2784+20]\\\\n\\\\tRtlUserThreadStart [0x00007FFF78790C31+33]\\\\n\"}}'"}, "description": "\n    Test case TC-2\n    ", "start": 1706865447705, "stop": 1706865496491, "uuid": "48e03089-e6df-40cb-9236-67fae54f6fac", "historyId": "4fdd6adba16e950b161eae73ef4ccb14", "testCaseId": "4fdd6adba16e950b161eae73ef4ccb14", "fullName": "tests.test_shop#test_products_group", "labels": [{"name": "tag", "value": "@pytest.mark.xfail(reason='Wait for fix bug')"}, {"name": "parentSuite", "value": "tests"}, {"name": "suite", "value": "test_shop"}, {"name": "host", "value": "4C7G0FTF3H5VO"}, {"name": "thread", "value": "9452-MainThread"}, {"name": "framework", "value": "pytest"}, {"name": "language", "value": "cpython3"}, {"name": "package", "value": "tests.test_shop"}]}